[logging] Writing backend logs to: C:\Users\harsh\Coding-Assessment-Project\fullstack-coding-assessment-1--harshavardhanmannem\backend\logs\run-2025-09-23T18-18-59-999Z\backend.log
[ConnectRpcService] ConnectRPC service initialized
[backend] Listening on http://localhost:4000
[backend] ConnectRPC endpoint: http://localhost:4000/pluto.ticker.TickerService/
[backend] Health check: http://localhost:4000/health
[backend] Stats endpoint: http://localhost:4000/api/stats
[ConnectRpcService] Client client-1758651548153-ykhc2fyvo subscribing to NIFTY50
[ConnectRpcService] Starting scraping for NIFTY50
[browserManager] Launched browser (headed mode) for scalable resource sharing.
[browserManager] Created new context for NIFTY50
[scraper] Opening https://www.tradingview.com/symbols/NIFTY50/?exchange=BINANCE for NIFTY50
[scraper] Successfully loaded TradingView page for NIFTY50
[scraper] Validation failed for NIFTY50: Error: Price selectors not found (title: Page not found — TradingView). Possibly invalid symbol or unsupported exchange.
    at createTickerScraper [90m(C:\Users\harsh\Coding-Assessment-Project\fullstack-coding-assessment-1--harshavardhanmannem\backend\[39msrc\playwright\scraper.ts:25:15[90m)[39m
    at ConnectRpcService.startScraping [90m(C:\Users\harsh\Coding-Assessment-Project\fullstack-coding-assessment-1--harshavardhanmannem\backend\[39msrc\services\connectRpcService.ts:229:23[90m)[39m
    at ConnectRpcService.<anonymous> [90m(C:\Users\harsh\Coding-Assessment-Project\fullstack-coding-assessment-1--harshavardhanmannem\backend\[39msrc\services\connectRpcService.ts:60:15[90m)[39m
[scraper] Failed to load TradingView page for NIFTY50: Error: Price selectors not found (title: Page not found — TradingView). Possibly invalid symbol or unsupported exchange.
    at createTickerScraper [90m(C:\Users\harsh\Coding-Assessment-Project\fullstack-coding-assessment-1--harshavardhanmannem\backend\[39msrc\playwright\scraper.ts:25:15[90m)[39m
    at ConnectRpcService.startScraping [90m(C:\Users\harsh\Coding-Assessment-Project\fullstack-coding-assessment-1--harshavardhanmannem\backend\[39msrc\services\connectRpcService.ts:229:23[90m)[39m
    at ConnectRpcService.<anonymous> [90m(C:\Users\harsh\Coding-Assessment-Project\fullstack-coding-assessment-1--harshavardhanmannem\backend\[39msrc\services\connectRpcService.ts:60:15[90m)[39m
[ConnectRpcService] Error starting scraper for NIFTY50: Error: Price selectors not found (title: Page not found — TradingView). Possibly invalid symbol or unsupported exchange.
    at createTickerScraper [90m(C:\Users\harsh\Coding-Assessment-Project\fullstack-coding-assessment-1--harshavardhanmannem\backend\[39msrc\playwright\scraper.ts:25:15[90m)[39m
    at ConnectRpcService.startScraping [90m(C:\Users\harsh\Coding-Assessment-Project\fullstack-coding-assessment-1--harshavardhanmannem\backend\[39msrc\services\connectRpcService.ts:229:23[90m)[39m
    at ConnectRpcService.<anonymous> [90m(C:\Users\harsh\Coding-Assessment-Project\fullstack-coding-assessment-1--harshavardhanmannem\backend\[39msrc\services\connectRpcService.ts:60:15[90m)[39m
[ConnectRpcService] Client client-1758651563483-ii9za6k80 subscribing to BTCUSD
[ConnectRpcService] Starting scraping for BTCUSD
[browserManager] Created new context for BTCUSD
[scraper] Opening https://www.tradingview.com/symbols/BTCUSD/?exchange=BINANCE for BTCUSD
[scraper] Successfully loaded TradingView page for BTCUSD
[scraper] Started scraping BTCUSD
[ConnectRpcService] Creating price stream for BTCUSD (client: client-1758651563483-ii9za6k80)
[ConnectRpcService] Stream established for BTCUSD, waiting for first price update
[scraper] Got immediate price 112065.22 for BTCUSD
[ConnectRpcService] Price update for BTCUSD: $112065.22 at 2025-09-23T18:19:30.762Z
[ConnectRpcService] Price update for BTCUSD: $112065.22 at 2025-09-23T18:19:31.369Z
[ConnectRpcService] Price update for BTCUSD: $112060.69 at 2025-09-23T18:19:34.592Z
[ConnectRpcService] Client client-1758651577494-vdsq7ztbr subscribing to NIFTY50
[ConnectRpcService] Starting scraping for NIFTY50
[browserManager] Created new context for NIFTY50
[scraper] Opening https://www.tradingview.com/symbols/NIFTY50/?exchange=BINANCE for NIFTY50
[scraper] Successfully loaded TradingView page for NIFTY50
[ConnectRpcService] Price update for BTCUSD: $112056.17 at 2025-09-23T18:19:41.047Z
[ConnectRpcService] Price update for BTCUSD: $112047.85 at 2025-09-23T18:19:42.152Z
[scraper] Validation failed for NIFTY50: Error: Price selectors not found (title: Page not found — TradingView). Possibly invalid symbol or unsupported exchange.
    at createTickerScraper [90m(C:\Users\harsh\Coding-Assessment-Project\fullstack-coding-assessment-1--harshavardhanmannem\backend\[39msrc\playwright\scraper.ts:25:15[90m)[39m
    at ConnectRpcService.startScraping [90m(C:\Users\harsh\Coding-Assessment-Project\fullstack-coding-assessment-1--harshavardhanmannem\backend\[39msrc\services\connectRpcService.ts:229:23[90m)[39m
    at ConnectRpcService.<anonymous> [90m(C:\Users\harsh\Coding-Assessment-Project\fullstack-coding-assessment-1--harshavardhanmannem\backend\[39msrc\services\connectRpcService.ts:60:15[90m)[39m
[scraper] Failed to load TradingView page for NIFTY50: Error: Price selectors not found (title: Page not found — TradingView). Possibly invalid symbol or unsupported exchange.
    at createTickerScraper [90m(C:\Users\harsh\Coding-Assessment-Project\fullstack-coding-assessment-1--harshavardhanmannem\backend\[39msrc\playwright\scraper.ts:25:15[90m)[39m
    at ConnectRpcService.startScraping [90m(C:\Users\harsh\Coding-Assessment-Project\fullstack-coding-assessment-1--harshavardhanmannem\backend\[39msrc\services\connectRpcService.ts:229:23[90m)[39m
    at ConnectRpcService.<anonymous> [90m(C:\Users\harsh\Coding-Assessment-Project\fullstack-coding-assessment-1--harshavardhanmannem\backend\[39msrc\services\connectRpcService.ts:60:15[90m)[39m
[ConnectRpcService] Error starting scraper for NIFTY50: Error: Price selectors not found (title: Page not found — TradingView). Possibly invalid symbol or unsupported exchange.
    at createTickerScraper [90m(C:\Users\harsh\Coding-Assessment-Project\fullstack-coding-assessment-1--harshavardhanmannem\backend\[39msrc\playwright\scraper.ts:25:15[90m)[39m
    at ConnectRpcService.startScraping [90m(C:\Users\harsh\Coding-Assessment-Project\fullstack-coding-assessment-1--harshavardhanmannem\backend\[39msrc\services\connectRpcService.ts:229:23[90m)[39m
    at ConnectRpcService.<anonymous> [90m(C:\Users\harsh\Coding-Assessment-Project\fullstack-coding-assessment-1--harshavardhanmannem\backend\[39msrc\services\connectRpcService.ts:60:15[90m)[39m
[browserManager] Received SIGINT, cleaning up browser resources...
[browserManager] Context for BTCUSD closed and cleaned up
[browserManager] Context for NIFTY50 closed and cleaned up
