[logging] Writing backend logs to: C:\Users\harsh\Coding-Assessment-Project\fullstack-coding-assessment-1--harshavardhanmannem\backend\logs\run-2025-10-15T22-32-38-260Z\backend.log
[ConnectRpcService] ConnectRPC service initialized
[backend] Listening on http://localhost:4000
[backend] ConnectRPC endpoint: http://localhost:4000/crypto.ticker.TickerService/
[backend] Health check: http://localhost:4000/health
[backend] Stats endpoint: http://localhost:4000/api/stats
[ConnectRpcService] Client client-1760567566448-ba276n1dk subscribing to BTCUSD
[ConnectRpcService] Starting scraping for BTCUSD
[browserManager] Launched browser (headed mode) for scalable resource sharing.
[browserManager] Created new context for BTCUSD
[scraper] Opening https://www.tradingview.com/symbols/BTCUSD/?exchange=BINANCE for BTCUSD
[scraper] Successfully loaded TradingView page for BTCUSD
[scraper] Started scraping BTCUSD
[ConnectRpcService] Creating price stream for BTCUSD (client: client-1760567566448-ba276n1dk)
[ConnectRpcService] Stream established for BTCUSD, waiting for first price update
[scraper] Got immediate price 111249.19 for BTCUSD
[ConnectRpcService] Price update for BTCUSD: $111249.19 at 2025-10-15T22:32:55.269Z
[ConnectRpcService] Price update for BTCUSD: $111249.19 at 2025-10-15T22:32:55.871Z
[ConnectRpcService] Price update for BTCUSD: $111244.68 at 2025-10-15T22:33:13.257Z
[ConnectRpcService] Price update for BTCUSD: $1 at 2025-10-15T22:33:18.037Z
[ConnectRpcService] Client client-1760567566448-ba276n1dk disconnected from BTCUSD
[ConnectRpcService] Client client-1760567566448-ba276n1dk disconnected, stopping stream for BTCUSD
[ConnectRpcService] Handling client disconnect for client-1760567566448-ba276n1dk
[ConnectRpcService] Removed client client-1760567566448-ba276n1dk from BTCUSD subscription
[ConnectRpcService] No more clients for BTCUSD, performing immediate cleanup
[ConnectRpcService] Stopping scraping for BTCUSD
[scraper] Stopping scraper for BTCUSD
[scraper] Page closed for BTCUSD
[browserManager] Context for BTCUSD closed and cleaned up
[browserManager] Closed context for BTCUSD
[scraper] Context closed for BTCUSD
[ConnectRpcService] Scraper stopped and browser closed for BTCUSD
[ConnectRpcService] Cleaned up client client-1760567566448-ba276n1dk for symbol BTCUSD
[scraper] Scraping loop ended for BTCUSD
[ConnectRpcService] Client client-1760567616192-oh5eaxviu subscribing to BTCUSD
[ConnectRpcService] Starting scraping for BTCUSD
[browserManager] Created new context for BTCUSD
[scraper] Opening https://www.tradingview.com/symbols/BTCUSD/?exchange=BINANCE for BTCUSD
[scraper] Successfully loaded TradingView page for BTCUSD
[scraper] Started scraping BTCUSD
[ConnectRpcService] Creating price stream for BTCUSD (client: client-1760567616192-oh5eaxviu)
[ConnectRpcService] Stream established for BTCUSD, waiting for first price update
[scraper] Got immediate price 111258.92 for BTCUSD
[ConnectRpcService] Price update for BTCUSD: $111258.92 at 2025-10-15T22:33:43.367Z
[ConnectRpcService] Price update for BTCUSD: $111262.49 at 2025-10-15T22:33:44.040Z
[ConnectRpcService] Price update for BTCUSD: $111266.41 at 2025-10-15T22:33:49.657Z
[ConnectRpcService] Client client-1760567616192-oh5eaxviu disconnected from BTCUSD
[ConnectRpcService] Client client-1760567616192-oh5eaxviu disconnected, stopping stream for BTCUSD
[ConnectRpcService] Handling client disconnect for client-1760567616192-oh5eaxviu
[ConnectRpcService] Removed client client-1760567616192-oh5eaxviu from BTCUSD subscription
[ConnectRpcService] No more clients for BTCUSD, performing immediate cleanup
[ConnectRpcService] Stopping scraping for BTCUSD
[scraper] Stopping scraper for BTCUSD
[scraper] Page closed for BTCUSD
[browserManager] Context for BTCUSD closed and cleaned up
[browserManager] Closed context for BTCUSD
[scraper] Context closed for BTCUSD
[ConnectRpcService] Scraper stopped and browser closed for BTCUSD
[ConnectRpcService] Cleaned up client client-1760567616192-oh5eaxviu for symbol BTCUSD
[scraper] Scraping loop ended for BTCUSD
[browserManager] Received SIGINT, cleaning up browser resources...
[browserManager] Browser disconnected, will restart on next request
